10:12:38.569 DEBUG opc.PackageRelationshipCollection -Parsing relationship: /xl/_rels/workbook.xml.rels
10:12:38.584 DEBUG opc.PackageRelationshipCollection -Parsing relationship: /_rels/.rels
10:12:38.733 TRACE common.XBeanDebug -Loading type system org.apache.poi.schemas.ooxml.system.ooxml
10:12:38.736 TRACE common.XBeanDebug -Loading type system org.apache.xmlbeans.metadata.system.sXMLCONFIG
10:12:38.737 TRACE common.XBeanDebug -Loading type system org.apache.xmlbeans.metadata.system.sXMLLANG
10:12:38.738 TRACE common.XBeanDebug -Loading type system org.apache.xmlbeans.metadata.system.sXMLSCHEMA
10:12:38.739 TRACE common.XBeanDebug -Loading type system org.apache.xmlbeans.metadata.system.sXMLTOOLS
10:12:38.740 TRACE common.XBeanDebug -Reading unresolved handles for type system org.apache.xmlbeans.metadata.system.sXMLTOOLS
10:12:38.751 TRACE common.XBeanDebug -Finished loading type system org.apache.xmlbeans.metadata.system.sXMLTOOLS
10:12:38.752 TRACE common.XBeanDebug -Reading unresolved handles for type system org.apache.xmlbeans.metadata.system.sXMLSCHEMA
10:12:38.756 TRACE common.XBeanDebug -Finished loading type system org.apache.xmlbeans.metadata.system.sXMLSCHEMA
10:12:38.756 TRACE common.XBeanDebug -Reading unresolved handles for type system org.apache.xmlbeans.metadata.system.sXMLLANG
10:12:38.757 TRACE common.XBeanDebug -Finished loading type system org.apache.xmlbeans.metadata.system.sXMLLANG
10:12:38.758 TRACE common.XBeanDebug -Reading unresolved handles for type system org.apache.xmlbeans.metadata.system.sXMLCONFIG
10:12:38.758 TRACE common.XBeanDebug -Finished loading type system org.apache.xmlbeans.metadata.system.sXMLCONFIG
10:12:38.759 TRACE common.XBeanDebug -Reading unresolved handles for type system org.apache.poi.schemas.ooxml.system.ooxml
10:12:38.809 TRACE common.XBeanDebug -Finished loading type system org.apache.poi.schemas.ooxml.system.ooxml
10:12:38.809 TRACE common.XBeanDebug -Resolving type for handle themefd26doctype
10:12:38.866 TRACE common.XBeanDebug -Resolving type for handle stylesheet5d8bdoctype
10:12:38.873 TRACE common.XBeanDebug -Resolving type for handle ctstylesheet4257type
10:12:38.879 TRACE common.XBeanDebug -Resolving type for handle ctfonts6623type
10:12:38.883 TRACE common.XBeanDebug -Resolving type for handle ctfont14d8type
10:12:38.889 TRACE common.XBeanDebug -Resolving type for handle ctfills2c6ftype
10:12:38.893 TRACE common.XBeanDebug -Resolving type for handle ctfill550ctype
10:12:38.896 TRACE common.XBeanDebug -Resolving type for handle ctborders0d66type
10:12:38.901 TRACE common.XBeanDebug -Resolving type for handle ctborderf935type
10:12:38.905 TRACE common.XBeanDebug -Resolving type for handle ctcellxfs1322type
10:12:38.909 TRACE common.XBeanDebug -Resolving type for handle ctxf97f7type
10:12:38.913 TRACE common.XBeanDebug -Resolving type for handle ctcellstylexfsa81ftype
10:12:38.916 TRACE common.XBeanDebug -Resolving type for handle ctdxfsb26atype
10:12:38.921 TRACE common.XBeanDebug -Resolving type for handle cttablestyles872ftype
10:12:38.926 TRACE common.XBeanDebug -Resolving type for handle sstf81fdoctype
10:12:38.932 TRACE common.XBeanDebug -Resolving type for handle ctsst44f3type
10:12:38.943 TRACE common.XBeanDebug -Resolving type for handle ctrsta472type
10:12:38.965 TRACE common.XBeanDebug -Resolving type for handle workbookec17doctype
10:12:38.971 TRACE common.XBeanDebug -Resolving type for handle ctworkbook83c3type
10:12:38.977 TRACE common.XBeanDebug -Resolving type for handle ctsheets49fdtype
10:12:38.981 TRACE common.XBeanDebug -Resolving type for handle ctsheet4dbetype
10:12:38.985 TRACE common.XBeanDebug -Resolving type for handle strelationshipid1e94type
10:12:38.990 TRACE common.XBeanDebug -Resolving type for handle worksheetf539doctype
10:12:38.996 TRACE common.XBeanDebug -Resolving type for handle ctworksheet530dtype
10:12:39.004 TRACE common.XBeanDebug -Resolving type for handle ctsheetdata8408type
10:12:39.008 TRACE common.XBeanDebug -Resolving type for handle ctrowdd39type
10:12:39.015 TRACE common.XBeanDebug -Resolving type for handle ctcell842btype
10:12:39.022 TRACE common.XBeanDebug -Resolving type for handle stcellrefe4e0type
10:12:39.033 TRACE common.XBeanDebug -Resolving type for handle ctcols627ctype
10:12:39.054 TRACE common.XBeanDebug -Resolving type for handle stxstringf179type
10:12:39.060 TRACE common.XBeanDebug -Resolving type for handle stcelltypebf95type
11:39:51.048 DEBUG opc.PackageRelationshipCollection -Parsing relationship: /xl/_rels/workbook.xml.rels
11:39:51.054 DEBUG opc.PackageRelationshipCollection -Parsing relationship: /_rels/.rels
11:39:51.187 TRACE common.XBeanDebug -Loading type system org.apache.poi.schemas.ooxml.system.ooxml
11:39:51.190 TRACE common.XBeanDebug -Loading type system org.apache.xmlbeans.metadata.system.sXMLCONFIG
11:39:51.190 TRACE common.XBeanDebug -Loading type system org.apache.xmlbeans.metadata.system.sXMLLANG
11:39:51.191 TRACE common.XBeanDebug -Loading type system org.apache.xmlbeans.metadata.system.sXMLSCHEMA
11:39:51.192 TRACE common.XBeanDebug -Loading type system org.apache.xmlbeans.metadata.system.sXMLTOOLS
11:39:51.193 TRACE common.XBeanDebug -Reading unresolved handles for type system org.apache.xmlbeans.metadata.system.sXMLTOOLS
11:39:51.202 TRACE common.XBeanDebug -Finished loading type system org.apache.xmlbeans.metadata.system.sXMLTOOLS
11:39:51.202 TRACE common.XBeanDebug -Reading unresolved handles for type system org.apache.xmlbeans.metadata.system.sXMLSCHEMA
11:39:51.207 TRACE common.XBeanDebug -Finished loading type system org.apache.xmlbeans.metadata.system.sXMLSCHEMA
11:39:51.207 TRACE common.XBeanDebug -Reading unresolved handles for type system org.apache.xmlbeans.metadata.system.sXMLLANG
11:39:51.208 TRACE common.XBeanDebug -Finished loading type system org.apache.xmlbeans.metadata.system.sXMLLANG
11:39:51.208 TRACE common.XBeanDebug -Reading unresolved handles for type system org.apache.xmlbeans.metadata.system.sXMLCONFIG
11:39:51.209 TRACE common.XBeanDebug -Finished loading type system org.apache.xmlbeans.metadata.system.sXMLCONFIG
11:39:51.209 TRACE common.XBeanDebug -Reading unresolved handles for type system org.apache.poi.schemas.ooxml.system.ooxml
11:39:51.267 TRACE common.XBeanDebug -Finished loading type system org.apache.poi.schemas.ooxml.system.ooxml
11:39:51.268 TRACE common.XBeanDebug -Resolving type for handle themefd26doctype
11:39:51.310 TRACE common.XBeanDebug -Resolving type for handle stylesheet5d8bdoctype
11:39:51.313 TRACE common.XBeanDebug -Resolving type for handle ctstylesheet4257type
11:39:51.316 TRACE common.XBeanDebug -Resolving type for handle ctfonts6623type
11:39:51.318 TRACE common.XBeanDebug -Resolving type for handle ctfont14d8type
11:39:51.322 TRACE common.XBeanDebug -Resolving type for handle ctfills2c6ftype
11:39:51.323 TRACE common.XBeanDebug -Resolving type for handle ctfill550ctype
11:39:51.325 TRACE common.XBeanDebug -Resolving type for handle ctborders0d66type
11:39:51.326 TRACE common.XBeanDebug -Resolving type for handle ctborderf935type
11:39:51.328 TRACE common.XBeanDebug -Resolving type for handle ctcellxfs1322type
11:39:51.330 TRACE common.XBeanDebug -Resolving type for handle ctxf97f7type
11:39:51.332 TRACE common.XBeanDebug -Resolving type for handle ctcellstylexfsa81ftype
11:39:51.333 TRACE common.XBeanDebug -Resolving type for handle ctdxfsb26atype
11:39:51.334 TRACE common.XBeanDebug -Resolving type for handle cttablestyles872ftype
11:39:51.336 TRACE common.XBeanDebug -Resolving type for handle sstf81fdoctype
11:39:51.339 TRACE common.XBeanDebug -Resolving type for handle ctsst44f3type
11:39:51.344 TRACE common.XBeanDebug -Resolving type for handle ctrsta472type
11:39:51.355 TRACE common.XBeanDebug -Resolving type for handle workbookec17doctype
11:39:51.358 TRACE common.XBeanDebug -Resolving type for handle ctworkbook83c3type
11:39:51.363 TRACE common.XBeanDebug -Resolving type for handle ctsheets49fdtype
11:39:51.365 TRACE common.XBeanDebug -Resolving type for handle ctsheet4dbetype
11:39:51.367 TRACE common.XBeanDebug -Resolving type for handle strelationshipid1e94type
11:39:51.369 TRACE common.XBeanDebug -Resolving type for handle worksheetf539doctype
11:39:51.374 TRACE common.XBeanDebug -Resolving type for handle ctworksheet530dtype
11:39:51.381 TRACE common.XBeanDebug -Resolving type for handle ctsheetdata8408type
11:39:51.383 TRACE common.XBeanDebug -Resolving type for handle ctrowdd39type
11:39:51.387 TRACE common.XBeanDebug -Resolving type for handle ctcell842btype
11:39:51.393 TRACE common.XBeanDebug -Resolving type for handle stcellrefe4e0type
11:39:51.401 TRACE common.XBeanDebug -Resolving type for handle ctcols627ctype
11:39:51.406 TRACE common.XBeanDebug -Resolving type for handle ctcola95ftype
11:39:51.429 TRACE common.XBeanDebug -Resolving type for handle stxstringf179type
11:39:51.435 TRACE common.XBeanDebug -Resolving type for handle stcelltypebf95type
11:42:52.058 DEBUG opc.PackageRelationshipCollection -Parsing relationship: /xl/_rels/workbook.xml.rels
11:42:52.063 DEBUG opc.PackageRelationshipCollection -Parsing relationship: /_rels/.rels
11:42:52.192 TRACE common.XBeanDebug -Loading type system org.apache.poi.schemas.ooxml.system.ooxml
11:42:52.194 TRACE common.XBeanDebug -Loading type system org.apache.xmlbeans.metadata.system.sXMLCONFIG
11:42:52.195 TRACE common.XBeanDebug -Loading type system org.apache.xmlbeans.metadata.system.sXMLLANG
11:42:52.195 TRACE common.XBeanDebug -Loading type system org.apache.xmlbeans.metadata.system.sXMLSCHEMA
11:42:52.196 TRACE common.XBeanDebug -Loading type system org.apache.xmlbeans.metadata.system.sXMLTOOLS
11:42:52.197 TRACE common.XBeanDebug -Reading unresolved handles for type system org.apache.xmlbeans.metadata.system.sXMLTOOLS
11:42:52.207 TRACE common.XBeanDebug -Finished loading type system org.apache.xmlbeans.metadata.system.sXMLTOOLS
11:42:52.208 TRACE common.XBeanDebug -Reading unresolved handles for type system org.apache.xmlbeans.metadata.system.sXMLSCHEMA
11:42:52.212 TRACE common.XBeanDebug -Finished loading type system org.apache.xmlbeans.metadata.system.sXMLSCHEMA
11:42:52.212 TRACE common.XBeanDebug -Reading unresolved handles for type system org.apache.xmlbeans.metadata.system.sXMLLANG
11:42:52.212 TRACE common.XBeanDebug -Finished loading type system org.apache.xmlbeans.metadata.system.sXMLLANG
11:42:52.213 TRACE common.XBeanDebug -Reading unresolved handles for type system org.apache.xmlbeans.metadata.system.sXMLCONFIG
11:42:52.214 TRACE common.XBeanDebug -Finished loading type system org.apache.xmlbeans.metadata.system.sXMLCONFIG
11:42:52.214 TRACE common.XBeanDebug -Reading unresolved handles for type system org.apache.poi.schemas.ooxml.system.ooxml
11:42:52.277 TRACE common.XBeanDebug -Finished loading type system org.apache.poi.schemas.ooxml.system.ooxml
11:42:52.278 TRACE common.XBeanDebug -Resolving type for handle themefd26doctype
11:42:52.318 TRACE common.XBeanDebug -Resolving type for handle stylesheet5d8bdoctype
11:42:52.322 TRACE common.XBeanDebug -Resolving type for handle ctstylesheet4257type
11:42:52.325 TRACE common.XBeanDebug -Resolving type for handle ctfonts6623type
11:42:52.327 TRACE common.XBeanDebug -Resolving type for handle ctfont14d8type
11:42:52.330 TRACE common.XBeanDebug -Resolving type for handle ctfills2c6ftype
11:42:52.332 TRACE common.XBeanDebug -Resolving type for handle ctfill550ctype
11:42:52.333 TRACE common.XBeanDebug -Resolving type for handle ctborders0d66type
11:42:52.334 TRACE common.XBeanDebug -Resolving type for handle ctborderf935type
11:42:52.336 TRACE common.XBeanDebug -Resolving type for handle ctcellxfs1322type
11:42:52.338 TRACE common.XBeanDebug -Resolving type for handle ctxf97f7type
11:42:52.339 TRACE common.XBeanDebug -Resolving type for handle ctcellstylexfsa81ftype
11:42:52.341 TRACE common.XBeanDebug -Resolving type for handle ctdxfsb26atype
11:42:52.342 TRACE common.XBeanDebug -Resolving type for handle cttablestyles872ftype
11:42:52.344 TRACE common.XBeanDebug -Resolving type for handle sstf81fdoctype
11:42:52.347 TRACE common.XBeanDebug -Resolving type for handle ctsst44f3type
11:42:52.352 TRACE common.XBeanDebug -Resolving type for handle ctrsta472type
11:42:52.364 TRACE common.XBeanDebug -Resolving type for handle workbookec17doctype
11:42:52.367 TRACE common.XBeanDebug -Resolving type for handle ctworkbook83c3type
11:42:52.374 TRACE common.XBeanDebug -Resolving type for handle ctsheets49fdtype
11:42:52.375 TRACE common.XBeanDebug -Resolving type for handle ctsheet4dbetype
11:42:52.377 TRACE common.XBeanDebug -Resolving type for handle strelationshipid1e94type
11:42:52.380 TRACE common.XBeanDebug -Resolving type for handle worksheetf539doctype
11:42:52.385 TRACE common.XBeanDebug -Resolving type for handle ctworksheet530dtype
11:42:52.392 TRACE common.XBeanDebug -Resolving type for handle ctsheetdata8408type
11:42:52.394 TRACE common.XBeanDebug -Resolving type for handle ctrowdd39type
11:42:52.399 TRACE common.XBeanDebug -Resolving type for handle ctcell842btype
11:42:52.406 TRACE common.XBeanDebug -Resolving type for handle stcellrefe4e0type
11:42:52.414 TRACE common.XBeanDebug -Resolving type for handle ctcols627ctype
11:42:52.420 TRACE common.XBeanDebug -Resolving type for handle ctcola95ftype
11:42:52.439 TRACE common.XBeanDebug -Resolving type for handle stxstringf179type
11:42:52.445 TRACE common.XBeanDebug -Resolving type for handle stcelltypebf95type
11:44:21.468 DEBUG opc.PackageRelationshipCollection -Parsing relationship: /xl/_rels/workbook.xml.rels
11:44:21.473 DEBUG opc.PackageRelationshipCollection -Parsing relationship: /_rels/.rels
11:44:21.610 TRACE common.XBeanDebug -Loading type system org.apache.poi.schemas.ooxml.system.ooxml
11:44:21.613 TRACE common.XBeanDebug -Loading type system org.apache.xmlbeans.metadata.system.sXMLCONFIG
11:44:21.613 TRACE common.XBeanDebug -Loading type system org.apache.xmlbeans.metadata.system.sXMLLANG
11:44:21.613 TRACE common.XBeanDebug -Loading type system org.apache.xmlbeans.metadata.system.sXMLSCHEMA
11:44:21.614 TRACE common.XBeanDebug -Loading type system org.apache.xmlbeans.metadata.system.sXMLTOOLS
11:44:21.615 TRACE common.XBeanDebug -Reading unresolved handles for type system org.apache.xmlbeans.metadata.system.sXMLTOOLS
11:44:21.624 TRACE common.XBeanDebug -Finished loading type system org.apache.xmlbeans.metadata.system.sXMLTOOLS
11:44:21.625 TRACE common.XBeanDebug -Reading unresolved handles for type system org.apache.xmlbeans.metadata.system.sXMLSCHEMA
11:44:21.629 TRACE common.XBeanDebug -Finished loading type system org.apache.xmlbeans.metadata.system.sXMLSCHEMA
11:44:21.630 TRACE common.XBeanDebug -Reading unresolved handles for type system org.apache.xmlbeans.metadata.system.sXMLLANG
11:44:21.630 TRACE common.XBeanDebug -Finished loading type system org.apache.xmlbeans.metadata.system.sXMLLANG
11:44:21.631 TRACE common.XBeanDebug -Reading unresolved handles for type system org.apache.xmlbeans.metadata.system.sXMLCONFIG
11:44:21.632 TRACE common.XBeanDebug -Finished loading type system org.apache.xmlbeans.metadata.system.sXMLCONFIG
11:44:21.632 TRACE common.XBeanDebug -Reading unresolved handles for type system org.apache.poi.schemas.ooxml.system.ooxml
11:44:21.692 TRACE common.XBeanDebug -Finished loading type system org.apache.poi.schemas.ooxml.system.ooxml
11:44:21.693 TRACE common.XBeanDebug -Resolving type for handle themefd26doctype
11:44:21.738 TRACE common.XBeanDebug -Resolving type for handle stylesheet5d8bdoctype
11:44:21.742 TRACE common.XBeanDebug -Resolving type for handle ctstylesheet4257type
11:44:21.745 TRACE common.XBeanDebug -Resolving type for handle ctfonts6623type
11:44:21.747 TRACE common.XBeanDebug -Resolving type for handle ctfont14d8type
11:44:21.752 TRACE common.XBeanDebug -Resolving type for handle ctfills2c6ftype
11:44:21.755 TRACE common.XBeanDebug -Resolving type for handle ctfill550ctype
11:44:21.757 TRACE common.XBeanDebug -Resolving type for handle ctborders0d66type
11:44:21.760 TRACE common.XBeanDebug -Resolving type for handle ctborderf935type
11:44:21.763 TRACE common.XBeanDebug -Resolving type for handle ctcellxfs1322type
11:44:21.765 TRACE common.XBeanDebug -Resolving type for handle ctxf97f7type
11:44:21.768 TRACE common.XBeanDebug -Resolving type for handle ctcellstylexfsa81ftype
11:44:21.769 TRACE common.XBeanDebug -Resolving type for handle ctdxfsb26atype
11:44:21.771 TRACE common.XBeanDebug -Resolving type for handle cttablestyles872ftype
11:44:21.775 TRACE common.XBeanDebug -Resolving type for handle sstf81fdoctype
11:44:21.779 TRACE common.XBeanDebug -Resolving type for handle ctsst44f3type
11:44:21.786 TRACE common.XBeanDebug -Resolving type for handle ctrsta472type
11:44:21.803 TRACE common.XBeanDebug -Resolving type for handle workbookec17doctype
11:44:21.809 TRACE common.XBeanDebug -Resolving type for handle ctworkbook83c3type
11:44:21.814 TRACE common.XBeanDebug -Resolving type for handle ctsheets49fdtype
11:44:21.817 TRACE common.XBeanDebug -Resolving type for handle ctsheet4dbetype
11:44:21.819 TRACE common.XBeanDebug -Resolving type for handle strelationshipid1e94type
11:44:21.822 TRACE common.XBeanDebug -Resolving type for handle worksheetf539doctype
11:44:21.828 TRACE common.XBeanDebug -Resolving type for handle ctworksheet530dtype
11:44:21.835 TRACE common.XBeanDebug -Resolving type for handle ctsheetdata8408type
11:44:21.837 TRACE common.XBeanDebug -Resolving type for handle ctrowdd39type
11:44:21.840 TRACE common.XBeanDebug -Resolving type for handle ctcell842btype
11:44:21.846 TRACE common.XBeanDebug -Resolving type for handle stcellrefe4e0type
11:44:21.854 TRACE common.XBeanDebug -Resolving type for handle ctcols627ctype
11:44:21.860 TRACE common.XBeanDebug -Resolving type for handle ctcola95ftype
11:44:21.877 TRACE common.XBeanDebug -Resolving type for handle stxstringf179type
11:44:21.882 TRACE common.XBeanDebug -Resolving type for handle stcelltypebf95type
11:46:08.306 DEBUG opc.PackageRelationshipCollection -Parsing relationship: /xl/_rels/workbook.xml.rels
11:46:08.312 DEBUG opc.PackageRelationshipCollection -Parsing relationship: /_rels/.rels
11:46:08.458 TRACE common.XBeanDebug -Loading type system org.apache.poi.schemas.ooxml.system.ooxml
11:46:08.460 TRACE common.XBeanDebug -Loading type system org.apache.xmlbeans.metadata.system.sXMLCONFIG
11:46:08.460 TRACE common.XBeanDebug -Loading type system org.apache.xmlbeans.metadata.system.sXMLLANG
11:46:08.461 TRACE common.XBeanDebug -Loading type system org.apache.xmlbeans.metadata.system.sXMLSCHEMA
11:46:08.462 TRACE common.XBeanDebug -Loading type system org.apache.xmlbeans.metadata.system.sXMLTOOLS
11:46:08.463 TRACE common.XBeanDebug -Reading unresolved handles for type system org.apache.xmlbeans.metadata.system.sXMLTOOLS
11:46:08.472 TRACE common.XBeanDebug -Finished loading type system org.apache.xmlbeans.metadata.system.sXMLTOOLS
11:46:08.472 TRACE common.XBeanDebug -Reading unresolved handles for type system org.apache.xmlbeans.metadata.system.sXMLSCHEMA
11:46:08.476 TRACE common.XBeanDebug -Finished loading type system org.apache.xmlbeans.metadata.system.sXMLSCHEMA
11:46:08.476 TRACE common.XBeanDebug -Reading unresolved handles for type system org.apache.xmlbeans.metadata.system.sXMLLANG
11:46:08.477 TRACE common.XBeanDebug -Finished loading type system org.apache.xmlbeans.metadata.system.sXMLLANG
11:46:08.477 TRACE common.XBeanDebug -Reading unresolved handles for type system org.apache.xmlbeans.metadata.system.sXMLCONFIG
11:46:08.478 TRACE common.XBeanDebug -Finished loading type system org.apache.xmlbeans.metadata.system.sXMLCONFIG
11:46:08.479 TRACE common.XBeanDebug -Reading unresolved handles for type system org.apache.poi.schemas.ooxml.system.ooxml
11:46:08.529 TRACE common.XBeanDebug -Finished loading type system org.apache.poi.schemas.ooxml.system.ooxml
11:46:08.530 TRACE common.XBeanDebug -Resolving type for handle themefd26doctype
11:46:08.567 TRACE common.XBeanDebug -Resolving type for handle stylesheet5d8bdoctype
11:46:08.571 TRACE common.XBeanDebug -Resolving type for handle ctstylesheet4257type
11:46:08.574 TRACE common.XBeanDebug -Resolving type for handle ctfonts6623type
11:46:08.577 TRACE common.XBeanDebug -Resolving type for handle ctfont14d8type
11:46:08.581 TRACE common.XBeanDebug -Resolving type for handle ctfills2c6ftype
11:46:08.583 TRACE common.XBeanDebug -Resolving type for handle ctfill550ctype
11:46:08.584 TRACE common.XBeanDebug -Resolving type for handle ctborders0d66type
11:46:08.586 TRACE common.XBeanDebug -Resolving type for handle ctborderf935type
11:46:08.589 TRACE common.XBeanDebug -Resolving type for handle ctcellxfs1322type
11:46:08.590 TRACE common.XBeanDebug -Resolving type for handle ctxf97f7type
11:46:08.593 TRACE common.XBeanDebug -Resolving type for handle ctcellstylexfsa81ftype
11:46:08.594 TRACE common.XBeanDebug -Resolving type for handle ctdxfsb26atype
11:46:08.596 TRACE common.XBeanDebug -Resolving type for handle cttablestyles872ftype
11:46:08.598 TRACE common.XBeanDebug -Resolving type for handle sstf81fdoctype
11:46:08.601 TRACE common.XBeanDebug -Resolving type for handle ctsst44f3type
11:46:08.606 TRACE common.XBeanDebug -Resolving type for handle ctrsta472type
11:46:08.617 TRACE common.XBeanDebug -Resolving type for handle workbookec17doctype
11:46:08.621 TRACE common.XBeanDebug -Resolving type for handle ctworkbook83c3type
11:46:08.624 TRACE common.XBeanDebug -Resolving type for handle ctsheets49fdtype
11:46:08.626 TRACE common.XBeanDebug -Resolving type for handle ctsheet4dbetype
11:46:08.628 TRACE common.XBeanDebug -Resolving type for handle strelationshipid1e94type
11:46:08.630 TRACE common.XBeanDebug -Resolving type for handle worksheetf539doctype
11:46:08.635 TRACE common.XBeanDebug -Resolving type for handle ctworksheet530dtype
11:46:08.640 TRACE common.XBeanDebug -Resolving type for handle ctsheetdata8408type
11:46:08.641 TRACE common.XBeanDebug -Resolving type for handle ctrowdd39type
11:46:08.644 TRACE common.XBeanDebug -Resolving type for handle ctcell842btype
11:46:08.648 TRACE common.XBeanDebug -Resolving type for handle stcellrefe4e0type
11:46:08.654 TRACE common.XBeanDebug -Resolving type for handle ctcols627ctype
11:46:08.659 TRACE common.XBeanDebug -Resolving type for handle ctcola95ftype
11:46:08.676 TRACE common.XBeanDebug -Resolving type for handle stxstringf179type
11:46:08.680 TRACE common.XBeanDebug -Resolving type for handle stcelltypebf95type
12:14:14.505 DEBUG opc.PackageRelationshipCollection -Parsing relationship: /xl/_rels/workbook.xml.rels
12:14:14.509 DEBUG opc.PackageRelationshipCollection -Parsing relationship: /_rels/.rels
12:14:14.640 TRACE common.XBeanDebug -Loading type system org.apache.poi.schemas.ooxml.system.ooxml
12:14:14.642 TRACE common.XBeanDebug -Loading type system org.apache.xmlbeans.metadata.system.sXMLCONFIG
12:14:14.643 TRACE common.XBeanDebug -Loading type system org.apache.xmlbeans.metadata.system.sXMLLANG
12:14:14.644 TRACE common.XBeanDebug -Loading type system org.apache.xmlbeans.metadata.system.sXMLSCHEMA
12:14:14.645 TRACE common.XBeanDebug -Loading type system org.apache.xmlbeans.metadata.system.sXMLTOOLS
12:14:14.647 TRACE common.XBeanDebug -Reading unresolved handles for type system org.apache.xmlbeans.metadata.system.sXMLTOOLS
12:14:14.657 TRACE common.XBeanDebug -Finished loading type system org.apache.xmlbeans.metadata.system.sXMLTOOLS
12:14:14.657 TRACE common.XBeanDebug -Reading unresolved handles for type system org.apache.xmlbeans.metadata.system.sXMLSCHEMA
12:14:14.662 TRACE common.XBeanDebug -Finished loading type system org.apache.xmlbeans.metadata.system.sXMLSCHEMA
12:14:14.663 TRACE common.XBeanDebug -Reading unresolved handles for type system org.apache.xmlbeans.metadata.system.sXMLLANG
12:14:14.664 TRACE common.XBeanDebug -Finished loading type system org.apache.xmlbeans.metadata.system.sXMLLANG
12:14:14.664 TRACE common.XBeanDebug -Reading unresolved handles for type system org.apache.xmlbeans.metadata.system.sXMLCONFIG
12:14:14.665 TRACE common.XBeanDebug -Finished loading type system org.apache.xmlbeans.metadata.system.sXMLCONFIG
12:14:14.666 TRACE common.XBeanDebug -Reading unresolved handles for type system org.apache.poi.schemas.ooxml.system.ooxml
12:14:14.726 TRACE common.XBeanDebug -Finished loading type system org.apache.poi.schemas.ooxml.system.ooxml
12:14:14.729 TRACE common.XBeanDebug -Resolving type for handle themefd26doctype
12:14:14.798 TRACE common.XBeanDebug -Resolving type for handle stylesheet5d8bdoctype
12:14:14.803 TRACE common.XBeanDebug -Resolving type for handle ctstylesheet4257type
12:14:14.807 TRACE common.XBeanDebug -Resolving type for handle ctfonts6623type
12:14:14.809 TRACE common.XBeanDebug -Resolving type for handle ctfont14d8type
12:14:14.816 TRACE common.XBeanDebug -Resolving type for handle ctfills2c6ftype
12:14:14.818 TRACE common.XBeanDebug -Resolving type for handle ctfill550ctype
12:14:14.820 TRACE common.XBeanDebug -Resolving type for handle ctborders0d66type
12:14:14.822 TRACE common.XBeanDebug -Resolving type for handle ctborderf935type
12:14:14.825 TRACE common.XBeanDebug -Resolving type for handle ctcellxfs1322type
12:14:14.827 TRACE common.XBeanDebug -Resolving type for handle ctxf97f7type
12:14:14.829 TRACE common.XBeanDebug -Resolving type for handle ctcellstylexfsa81ftype
12:14:14.830 TRACE common.XBeanDebug -Resolving type for handle ctdxfsb26atype
12:14:14.832 TRACE common.XBeanDebug -Resolving type for handle cttablestyles872ftype
12:14:14.834 TRACE common.XBeanDebug -Resolving type for handle sstf81fdoctype
12:14:14.838 TRACE common.XBeanDebug -Resolving type for handle ctsst44f3type
12:14:14.845 TRACE common.XBeanDebug -Resolving type for handle ctrsta472type
12:14:14.867 TRACE common.XBeanDebug -Resolving type for handle workbookec17doctype
12:14:14.873 TRACE common.XBeanDebug -Resolving type for handle ctworkbook83c3type
12:14:14.878 TRACE common.XBeanDebug -Resolving type for handle ctsheets49fdtype
12:14:14.880 TRACE common.XBeanDebug -Resolving type for handle ctsheet4dbetype
12:14:14.882 TRACE common.XBeanDebug -Resolving type for handle strelationshipid1e94type
12:14:14.884 TRACE common.XBeanDebug -Resolving type for handle worksheetf539doctype
12:14:14.890 TRACE common.XBeanDebug -Resolving type for handle ctworksheet530dtype
12:14:14.896 TRACE common.XBeanDebug -Resolving type for handle ctsheetdata8408type
12:14:14.898 TRACE common.XBeanDebug -Resolving type for handle ctrowdd39type
12:14:14.902 TRACE common.XBeanDebug -Resolving type for handle ctcell842btype
12:14:14.910 TRACE common.XBeanDebug -Resolving type for handle stcellrefe4e0type
12:14:14.920 TRACE common.XBeanDebug -Resolving type for handle ctcols627ctype
12:14:14.925 TRACE common.XBeanDebug -Resolving type for handle ctcola95ftype
12:14:14.944 TRACE common.XBeanDebug -Resolving type for handle stxstringf179type
12:14:14.950 TRACE common.XBeanDebug -Resolving type for handle stcelltypebf95type
12:18:13.175 DEBUG opc.PackageRelationshipCollection -Parsing relationship: /xl/_rels/workbook.xml.rels
12:18:13.179 DEBUG opc.PackageRelationshipCollection -Parsing relationship: /_rels/.rels
12:18:13.303 TRACE common.XBeanDebug -Loading type system org.apache.poi.schemas.ooxml.system.ooxml
12:18:13.305 TRACE common.XBeanDebug -Loading type system org.apache.xmlbeans.metadata.system.sXMLCONFIG
12:18:13.306 TRACE common.XBeanDebug -Loading type system org.apache.xmlbeans.metadata.system.sXMLLANG
12:18:13.307 TRACE common.XBeanDebug -Loading type system org.apache.xmlbeans.metadata.system.sXMLSCHEMA
12:18:13.307 TRACE common.XBeanDebug -Loading type system org.apache.xmlbeans.metadata.system.sXMLTOOLS
12:18:13.309 TRACE common.XBeanDebug -Reading unresolved handles for type system org.apache.xmlbeans.metadata.system.sXMLTOOLS
12:18:13.319 TRACE common.XBeanDebug -Finished loading type system org.apache.xmlbeans.metadata.system.sXMLTOOLS
12:18:13.319 TRACE common.XBeanDebug -Reading unresolved handles for type system org.apache.xmlbeans.metadata.system.sXMLSCHEMA
12:18:13.323 TRACE common.XBeanDebug -Finished loading type system org.apache.xmlbeans.metadata.system.sXMLSCHEMA
12:18:13.324 TRACE common.XBeanDebug -Reading unresolved handles for type system org.apache.xmlbeans.metadata.system.sXMLLANG
12:18:13.324 TRACE common.XBeanDebug -Finished loading type system org.apache.xmlbeans.metadata.system.sXMLLANG
12:18:13.325 TRACE common.XBeanDebug -Reading unresolved handles for type system org.apache.xmlbeans.metadata.system.sXMLCONFIG
12:18:13.326 TRACE common.XBeanDebug -Finished loading type system org.apache.xmlbeans.metadata.system.sXMLCONFIG
12:18:13.326 TRACE common.XBeanDebug -Reading unresolved handles for type system org.apache.poi.schemas.ooxml.system.ooxml
12:18:13.374 TRACE common.XBeanDebug -Finished loading type system org.apache.poi.schemas.ooxml.system.ooxml
12:18:13.375 TRACE common.XBeanDebug -Resolving type for handle themefd26doctype
12:18:13.428 TRACE common.XBeanDebug -Resolving type for handle stylesheet5d8bdoctype
12:18:13.433 TRACE common.XBeanDebug -Resolving type for handle ctstylesheet4257type
12:18:13.437 TRACE common.XBeanDebug -Resolving type for handle ctfonts6623type
12:18:13.441 TRACE common.XBeanDebug -Resolving type for handle ctfont14d8type
12:18:13.446 TRACE common.XBeanDebug -Resolving type for handle ctfills2c6ftype
12:18:13.449 TRACE common.XBeanDebug -Resolving type for handle ctfill550ctype
12:18:13.451 TRACE common.XBeanDebug -Resolving type for handle ctborders0d66type
12:18:13.453 TRACE common.XBeanDebug -Resolving type for handle ctborderf935type
12:18:13.455 TRACE common.XBeanDebug -Resolving type for handle ctcellxfs1322type
12:18:13.456 TRACE common.XBeanDebug -Resolving type for handle ctxf97f7type
12:18:13.458 TRACE common.XBeanDebug -Resolving type for handle ctcellstylexfsa81ftype
12:18:13.459 TRACE common.XBeanDebug -Resolving type for handle ctdxfsb26atype
12:18:13.460 TRACE common.XBeanDebug -Resolving type for handle cttablestyles872ftype
12:18:13.462 TRACE common.XBeanDebug -Resolving type for handle sstf81fdoctype
12:18:13.465 TRACE common.XBeanDebug -Resolving type for handle ctsst44f3type
12:18:13.471 TRACE common.XBeanDebug -Resolving type for handle ctrsta472type
12:18:13.485 TRACE common.XBeanDebug -Resolving type for handle workbookec17doctype
12:18:13.489 TRACE common.XBeanDebug -Resolving type for handle ctworkbook83c3type
12:18:13.492 TRACE common.XBeanDebug -Resolving type for handle ctsheets49fdtype
12:18:13.494 TRACE common.XBeanDebug -Resolving type for handle ctsheet4dbetype
12:18:13.495 TRACE common.XBeanDebug -Resolving type for handle strelationshipid1e94type
12:18:13.498 TRACE common.XBeanDebug -Resolving type for handle worksheetf539doctype
12:18:13.504 TRACE common.XBeanDebug -Resolving type for handle ctworksheet530dtype
12:18:13.510 TRACE common.XBeanDebug -Resolving type for handle ctsheetdata8408type
12:18:13.512 TRACE common.XBeanDebug -Resolving type for handle ctrowdd39type
12:18:13.517 TRACE common.XBeanDebug -Resolving type for handle ctcell842btype
12:18:13.522 TRACE common.XBeanDebug -Resolving type for handle stcellrefe4e0type
12:18:13.532 TRACE common.XBeanDebug -Resolving type for handle ctcols627ctype
12:18:13.539 TRACE common.XBeanDebug -Resolving type for handle ctcola95ftype
12:18:13.560 TRACE common.XBeanDebug -Resolving type for handle stxstringf179type
12:18:13.565 TRACE common.XBeanDebug -Resolving type for handle stcelltypebf95type
12:20:17.197 DEBUG opc.PackageRelationshipCollection -Parsing relationship: /xl/_rels/workbook.xml.rels
12:20:17.202 DEBUG opc.PackageRelationshipCollection -Parsing relationship: /_rels/.rels
12:20:17.333 TRACE common.XBeanDebug -Loading type system org.apache.poi.schemas.ooxml.system.ooxml
12:20:17.336 TRACE common.XBeanDebug -Loading type system org.apache.xmlbeans.metadata.system.sXMLCONFIG
12:20:17.337 TRACE common.XBeanDebug -Loading type system org.apache.xmlbeans.metadata.system.sXMLLANG
12:20:17.337 TRACE common.XBeanDebug -Loading type system org.apache.xmlbeans.metadata.system.sXMLSCHEMA
12:20:17.338 TRACE common.XBeanDebug -Loading type system org.apache.xmlbeans.metadata.system.sXMLTOOLS
12:20:17.339 TRACE common.XBeanDebug -Reading unresolved handles for type system org.apache.xmlbeans.metadata.system.sXMLTOOLS
12:20:17.348 TRACE common.XBeanDebug -Finished loading type system org.apache.xmlbeans.metadata.system.sXMLTOOLS
12:20:17.349 TRACE common.XBeanDebug -Reading unresolved handles for type system org.apache.xmlbeans.metadata.system.sXMLSCHEMA
12:20:17.353 TRACE common.XBeanDebug -Finished loading type system org.apache.xmlbeans.metadata.system.sXMLSCHEMA
12:20:17.354 TRACE common.XBeanDebug -Reading unresolved handles for type system org.apache.xmlbeans.metadata.system.sXMLLANG
12:20:17.355 TRACE common.XBeanDebug -Finished loading type system org.apache.xmlbeans.metadata.system.sXMLLANG
12:20:17.355 TRACE common.XBeanDebug -Reading unresolved handles for type system org.apache.xmlbeans.metadata.system.sXMLCONFIG
12:20:17.356 TRACE common.XBeanDebug -Finished loading type system org.apache.xmlbeans.metadata.system.sXMLCONFIG
12:20:17.357 TRACE common.XBeanDebug -Reading unresolved handles for type system org.apache.poi.schemas.ooxml.system.ooxml
12:20:17.425 TRACE common.XBeanDebug -Finished loading type system org.apache.poi.schemas.ooxml.system.ooxml
12:20:17.426 TRACE common.XBeanDebug -Resolving type for handle themefd26doctype
12:20:17.482 TRACE common.XBeanDebug -Resolving type for handle stylesheet5d8bdoctype
12:20:17.486 TRACE common.XBeanDebug -Resolving type for handle ctstylesheet4257type
12:20:17.489 TRACE common.XBeanDebug -Resolving type for handle ctfonts6623type
12:20:17.491 TRACE common.XBeanDebug -Resolving type for handle ctfont14d8type
12:20:17.494 TRACE common.XBeanDebug -Resolving type for handle ctfills2c6ftype
12:20:17.496 TRACE common.XBeanDebug -Resolving type for handle ctfill550ctype
12:20:17.497 TRACE common.XBeanDebug -Resolving type for handle ctborders0d66type
12:20:17.499 TRACE common.XBeanDebug -Resolving type for handle ctborderf935type
12:20:17.501 TRACE common.XBeanDebug -Resolving type for handle ctcellxfs1322type
12:20:17.503 TRACE common.XBeanDebug -Resolving type for handle ctxf97f7type
12:20:17.505 TRACE common.XBeanDebug -Resolving type for handle ctcellstylexfsa81ftype
12:20:17.507 TRACE common.XBeanDebug -Resolving type for handle ctdxfsb26atype
12:20:17.508 TRACE common.XBeanDebug -Resolving type for handle cttablestyles872ftype
12:20:17.511 TRACE common.XBeanDebug -Resolving type for handle sstf81fdoctype
12:20:17.515 TRACE common.XBeanDebug -Resolving type for handle ctsst44f3type
12:20:17.521 TRACE common.XBeanDebug -Resolving type for handle ctrsta472type
12:20:17.534 TRACE common.XBeanDebug -Resolving type for handle workbookec17doctype
12:20:17.538 TRACE common.XBeanDebug -Resolving type for handle ctworkbook83c3type
12:20:17.542 TRACE common.XBeanDebug -Resolving type for handle ctsheets49fdtype
12:20:17.545 TRACE common.XBeanDebug -Resolving type for handle ctsheet4dbetype
12:20:17.547 TRACE common.XBeanDebug -Resolving type for handle strelationshipid1e94type
12:20:17.549 TRACE common.XBeanDebug -Resolving type for handle worksheetf539doctype
12:20:17.553 TRACE common.XBeanDebug -Resolving type for handle ctworksheet530dtype
12:20:17.558 TRACE common.XBeanDebug -Resolving type for handle ctsheetdata8408type
12:20:17.560 TRACE common.XBeanDebug -Resolving type for handle ctrowdd39type
12:20:17.564 TRACE common.XBeanDebug -Resolving type for handle ctcell842btype
12:20:17.569 TRACE common.XBeanDebug -Resolving type for handle stcellrefe4e0type
12:20:17.575 TRACE common.XBeanDebug -Resolving type for handle ctcols627ctype
12:20:17.580 TRACE common.XBeanDebug -Resolving type for handle ctcola95ftype
12:20:17.596 TRACE common.XBeanDebug -Resolving type for handle stxstringf179type
12:20:17.600 TRACE common.XBeanDebug -Resolving type for handle stcelltypebf95type
12:34:32.053 DEBUG opc.PackageRelationshipCollection -Parsing relationship: /xl/_rels/workbook.xml.rels
12:34:32.058 DEBUG opc.PackageRelationshipCollection -Parsing relationship: /_rels/.rels
12:34:32.183 TRACE common.XBeanDebug -Loading type system org.apache.poi.schemas.ooxml.system.ooxml
12:34:32.185 TRACE common.XBeanDebug -Loading type system org.apache.xmlbeans.metadata.system.sXMLCONFIG
12:34:32.186 TRACE common.XBeanDebug -Loading type system org.apache.xmlbeans.metadata.system.sXMLLANG
12:34:32.187 TRACE common.XBeanDebug -Loading type system org.apache.xmlbeans.metadata.system.sXMLSCHEMA
12:34:32.187 TRACE common.XBeanDebug -Loading type system org.apache.xmlbeans.metadata.system.sXMLTOOLS
12:34:32.188 TRACE common.XBeanDebug -Reading unresolved handles for type system org.apache.xmlbeans.metadata.system.sXMLTOOLS
12:34:32.199 TRACE common.XBeanDebug -Finished loading type system org.apache.xmlbeans.metadata.system.sXMLTOOLS
12:34:32.199 TRACE common.XBeanDebug -Reading unresolved handles for type system org.apache.xmlbeans.metadata.system.sXMLSCHEMA
12:34:32.204 TRACE common.XBeanDebug -Finished loading type system org.apache.xmlbeans.metadata.system.sXMLSCHEMA
12:34:32.205 TRACE common.XBeanDebug -Reading unresolved handles for type system org.apache.xmlbeans.metadata.system.sXMLLANG
12:34:32.206 TRACE common.XBeanDebug -Finished loading type system org.apache.xmlbeans.metadata.system.sXMLLANG
12:34:32.207 TRACE common.XBeanDebug -Reading unresolved handles for type system org.apache.xmlbeans.metadata.system.sXMLCONFIG
12:34:32.208 TRACE common.XBeanDebug -Finished loading type system org.apache.xmlbeans.metadata.system.sXMLCONFIG
12:34:32.209 TRACE common.XBeanDebug -Reading unresolved handles for type system org.apache.poi.schemas.ooxml.system.ooxml
12:34:32.272 TRACE common.XBeanDebug -Finished loading type system org.apache.poi.schemas.ooxml.system.ooxml
12:34:32.273 TRACE common.XBeanDebug -Resolving type for handle themefd26doctype
12:34:32.334 TRACE common.XBeanDebug -Resolving type for handle stylesheet5d8bdoctype
12:34:32.338 TRACE common.XBeanDebug -Resolving type for handle ctstylesheet4257type
12:34:32.342 TRACE common.XBeanDebug -Resolving type for handle ctfonts6623type
12:34:32.346 TRACE common.XBeanDebug -Resolving type for handle ctfont14d8type
12:34:32.352 TRACE common.XBeanDebug -Resolving type for handle ctfills2c6ftype
12:34:32.354 TRACE common.XBeanDebug -Resolving type for handle ctfill550ctype
12:34:32.356 TRACE common.XBeanDebug -Resolving type for handle ctborders0d66type
12:34:32.358 TRACE common.XBeanDebug -Resolving type for handle ctborderf935type
12:34:32.361 TRACE common.XBeanDebug -Resolving type for handle ctcellxfs1322type
12:34:32.363 TRACE common.XBeanDebug -Resolving type for handle ctxf97f7type
12:34:32.366 TRACE common.XBeanDebug -Resolving type for handle ctcellstylexfsa81ftype
12:34:32.368 TRACE common.XBeanDebug -Resolving type for handle ctdxfsb26atype
12:34:32.369 TRACE common.XBeanDebug -Resolving type for handle cttablestyles872ftype
12:34:32.372 TRACE common.XBeanDebug -Resolving type for handle sstf81fdoctype
12:34:32.377 TRACE common.XBeanDebug -Resolving type for handle ctsst44f3type
12:34:32.383 TRACE common.XBeanDebug -Resolving type for handle ctrsta472type
12:34:32.394 TRACE common.XBeanDebug -Resolving type for handle workbookec17doctype
12:34:32.398 TRACE common.XBeanDebug -Resolving type for handle ctworkbook83c3type
12:34:32.401 TRACE common.XBeanDebug -Resolving type for handle ctsheets49fdtype
12:34:32.403 TRACE common.XBeanDebug -Resolving type for handle ctsheet4dbetype
12:34:32.405 TRACE common.XBeanDebug -Resolving type for handle strelationshipid1e94type
12:34:32.407 TRACE common.XBeanDebug -Resolving type for handle worksheetf539doctype
12:34:32.411 TRACE common.XBeanDebug -Resolving type for handle ctworksheet530dtype
12:34:32.421 TRACE common.XBeanDebug -Resolving type for handle ctsheetdata8408type
12:34:32.423 TRACE common.XBeanDebug -Resolving type for handle ctrowdd39type
12:34:32.428 TRACE common.XBeanDebug -Resolving type for handle ctcell842btype
12:34:32.435 TRACE common.XBeanDebug -Resolving type for handle stcellrefe4e0type
12:34:32.444 TRACE common.XBeanDebug -Resolving type for handle ctcols627ctype
12:34:32.451 TRACE common.XBeanDebug -Resolving type for handle ctcola95ftype
12:34:32.470 TRACE common.XBeanDebug -Resolving type for handle stxstringf179type
12:34:32.476 TRACE common.XBeanDebug -Resolving type for handle stcelltypebf95type
22:35:53.106 INFO  logging.LoggingDemoClass -Info log message
22:35:53.108 WARN  logging.LoggingDemoClass -Warning log message
22:35:53.108 ERROR logging.LoggingDemoClass -Error log message
22:35:53.109 FATAL logging.LoggingDemoClass -Fatal log message
