23:01:31.012 DEBUG opc.PackageRelationshipCollection -Parsing relationship: /xl/_rels/workbook.xml.rels
23:01:31.022 DEBUG opc.PackageRelationshipCollection -Parsing relationship: /_rels/.rels
23:01:31.140 TRACE common.XBeanDebug -Loading type system org.apache.poi.schemas.ooxml.system.ooxml
23:01:31.142 TRACE common.XBeanDebug -Loading type system org.apache.xmlbeans.metadata.system.sXMLCONFIG
23:01:31.142 TRACE common.XBeanDebug -Loading type system org.apache.xmlbeans.metadata.system.sXMLLANG
23:01:31.143 TRACE common.XBeanDebug -Loading type system org.apache.xmlbeans.metadata.system.sXMLSCHEMA
23:01:31.144 TRACE common.XBeanDebug -Loading type system org.apache.xmlbeans.metadata.system.sXMLTOOLS
23:01:31.144 TRACE common.XBeanDebug -Reading unresolved handles for type system org.apache.xmlbeans.metadata.system.sXMLTOOLS
23:01:31.155 TRACE common.XBeanDebug -Finished loading type system org.apache.xmlbeans.metadata.system.sXMLTOOLS
23:01:31.155 TRACE common.XBeanDebug -Reading unresolved handles for type system org.apache.xmlbeans.metadata.system.sXMLSCHEMA
23:01:31.159 TRACE common.XBeanDebug -Finished loading type system org.apache.xmlbeans.metadata.system.sXMLSCHEMA
23:01:31.159 TRACE common.XBeanDebug -Reading unresolved handles for type system org.apache.xmlbeans.metadata.system.sXMLLANG
23:01:31.160 TRACE common.XBeanDebug -Finished loading type system org.apache.xmlbeans.metadata.system.sXMLLANG
23:01:31.160 TRACE common.XBeanDebug -Reading unresolved handles for type system org.apache.xmlbeans.metadata.system.sXMLCONFIG
23:01:31.161 TRACE common.XBeanDebug -Finished loading type system org.apache.xmlbeans.metadata.system.sXMLCONFIG
23:01:31.161 TRACE common.XBeanDebug -Reading unresolved handles for type system org.apache.poi.schemas.ooxml.system.ooxml
23:01:31.216 TRACE common.XBeanDebug -Finished loading type system org.apache.poi.schemas.ooxml.system.ooxml
23:01:31.218 TRACE common.XBeanDebug -Resolving type for handle themefd26doctype
23:01:31.267 TRACE common.XBeanDebug -Resolving type for handle stylesheet5d8bdoctype
23:01:31.272 TRACE common.XBeanDebug -Resolving type for handle ctstylesheet4257type
23:01:31.278 TRACE common.XBeanDebug -Resolving type for handle ctfonts6623type
23:01:31.280 TRACE common.XBeanDebug -Resolving type for handle ctfont14d8type
23:01:31.286 TRACE common.XBeanDebug -Resolving type for handle ctfills2c6ftype
23:01:31.288 TRACE common.XBeanDebug -Resolving type for handle ctfill550ctype
23:01:31.290 TRACE common.XBeanDebug -Resolving type for handle ctborders0d66type
23:01:31.292 TRACE common.XBeanDebug -Resolving type for handle ctborderf935type
23:01:31.294 TRACE common.XBeanDebug -Resolving type for handle ctcellxfs1322type
23:01:31.296 TRACE common.XBeanDebug -Resolving type for handle ctxf97f7type
23:01:31.299 TRACE common.XBeanDebug -Resolving type for handle ctcellstylexfsa81ftype
23:01:31.301 TRACE common.XBeanDebug -Resolving type for handle ctdxfsb26atype
23:01:31.303 TRACE common.XBeanDebug -Resolving type for handle cttablestyles872ftype
23:01:31.306 TRACE common.XBeanDebug -Resolving type for handle sstf81fdoctype
23:01:31.309 TRACE common.XBeanDebug -Resolving type for handle ctsst44f3type
23:01:31.316 TRACE common.XBeanDebug -Resolving type for handle ctrsta472type
23:01:31.330 TRACE common.XBeanDebug -Resolving type for handle workbookec17doctype
23:01:31.335 TRACE common.XBeanDebug -Resolving type for handle ctworkbook83c3type
23:01:31.339 TRACE common.XBeanDebug -Resolving type for handle ctsheets49fdtype
23:01:31.341 TRACE common.XBeanDebug -Resolving type for handle ctsheet4dbetype
23:01:31.342 TRACE common.XBeanDebug -Resolving type for handle strelationshipid1e94type
23:01:31.344 TRACE common.XBeanDebug -Resolving type for handle worksheetf539doctype
23:01:31.348 TRACE common.XBeanDebug -Resolving type for handle ctworksheet530dtype
23:01:31.354 TRACE common.XBeanDebug -Resolving type for handle ctsheetdata8408type
23:01:31.356 TRACE common.XBeanDebug -Resolving type for handle ctrowdd39type
23:01:31.359 TRACE common.XBeanDebug -Resolving type for handle ctcell842btype
23:01:31.363 TRACE common.XBeanDebug -Resolving type for handle stcellrefe4e0type
23:01:31.368 TRACE common.XBeanDebug -Resolving type for handle ctcols627ctype
23:01:31.380 TRACE common.XBeanDebug -Resolving type for handle stxstringf179type
23:01:31.382 TRACE common.XBeanDebug -Resolving type for handle stcelltypebf95type
