17:22:13.607 DEBUG opc.PackageRelationshipCollection -Parsing relationship: /xl/_rels/workbook.xml.rels
17:22:13.617 DEBUG opc.PackageRelationshipCollection -Parsing relationship: /_rels/.rels
17:22:13.786 TRACE common.XBeanDebug -Loading type system org.apache.poi.schemas.ooxml.system.ooxml
17:22:13.790 TRACE common.XBeanDebug -Loading type system org.apache.xmlbeans.metadata.system.sXMLCONFIG
17:22:13.791 TRACE common.XBeanDebug -Loading type system org.apache.xmlbeans.metadata.system.sXMLLANG
17:22:13.792 TRACE common.XBeanDebug -Loading type system org.apache.xmlbeans.metadata.system.sXMLSCHEMA
17:22:13.793 TRACE common.XBeanDebug -Loading type system org.apache.xmlbeans.metadata.system.sXMLTOOLS
17:22:13.794 TRACE common.XBeanDebug -Reading unresolved handles for type system org.apache.xmlbeans.metadata.system.sXMLTOOLS
17:22:13.805 TRACE common.XBeanDebug -Finished loading type system org.apache.xmlbeans.metadata.system.sXMLTOOLS
17:22:13.805 TRACE common.XBeanDebug -Reading unresolved handles for type system org.apache.xmlbeans.metadata.system.sXMLSCHEMA
17:22:13.809 TRACE common.XBeanDebug -Finished loading type system org.apache.xmlbeans.metadata.system.sXMLSCHEMA
17:22:13.810 TRACE common.XBeanDebug -Reading unresolved handles for type system org.apache.xmlbeans.metadata.system.sXMLLANG
17:22:13.810 TRACE common.XBeanDebug -Finished loading type system org.apache.xmlbeans.metadata.system.sXMLLANG
17:22:13.811 TRACE common.XBeanDebug -Reading unresolved handles for type system org.apache.xmlbeans.metadata.system.sXMLCONFIG
17:22:13.811 TRACE common.XBeanDebug -Finished loading type system org.apache.xmlbeans.metadata.system.sXMLCONFIG
17:22:13.812 TRACE common.XBeanDebug -Reading unresolved handles for type system org.apache.poi.schemas.ooxml.system.ooxml
17:22:13.855 TRACE common.XBeanDebug -Finished loading type system org.apache.poi.schemas.ooxml.system.ooxml
17:22:13.857 TRACE common.XBeanDebug -Resolving type for handle themefd26doctype
17:22:13.911 TRACE common.XBeanDebug -Resolving type for handle stylesheet5d8bdoctype
17:22:13.915 TRACE common.XBeanDebug -Resolving type for handle ctstylesheet4257type
17:22:13.919 TRACE common.XBeanDebug -Resolving type for handle ctfonts6623type
17:22:13.923 TRACE common.XBeanDebug -Resolving type for handle ctfont14d8type
17:22:13.929 TRACE common.XBeanDebug -Resolving type for handle ctfills2c6ftype
17:22:13.932 TRACE common.XBeanDebug -Resolving type for handle ctfill550ctype
17:22:13.935 TRACE common.XBeanDebug -Resolving type for handle ctborders0d66type
17:22:13.938 TRACE common.XBeanDebug -Resolving type for handle ctborderf935type
17:22:13.942 TRACE common.XBeanDebug -Resolving type for handle ctcellxfs1322type
17:22:13.944 TRACE common.XBeanDebug -Resolving type for handle ctxf97f7type
17:22:13.947 TRACE common.XBeanDebug -Resolving type for handle ctcellstylexfsa81ftype
17:22:13.949 TRACE common.XBeanDebug -Resolving type for handle ctdxfsb26atype
17:22:13.952 TRACE common.XBeanDebug -Resolving type for handle cttablestyles872ftype
17:22:13.956 TRACE common.XBeanDebug -Resolving type for handle sstf81fdoctype
17:22:13.959 TRACE common.XBeanDebug -Resolving type for handle ctsst44f3type
17:22:13.965 TRACE common.XBeanDebug -Resolving type for handle ctrsta472type
17:22:13.977 TRACE common.XBeanDebug -Resolving type for handle workbookec17doctype
17:22:13.982 TRACE common.XBeanDebug -Resolving type for handle ctworkbook83c3type
17:22:13.987 TRACE common.XBeanDebug -Resolving type for handle ctsheets49fdtype
17:22:13.991 TRACE common.XBeanDebug -Resolving type for handle ctsheet4dbetype
17:22:13.993 TRACE common.XBeanDebug -Resolving type for handle strelationshipid1e94type
17:22:13.996 TRACE common.XBeanDebug -Resolving type for handle worksheetf539doctype
17:22:14.000 TRACE common.XBeanDebug -Resolving type for handle ctworksheet530dtype
17:22:14.005 TRACE common.XBeanDebug -Resolving type for handle ctsheetdata8408type
17:22:14.008 TRACE common.XBeanDebug -Resolving type for handle ctrowdd39type
17:22:14.012 TRACE common.XBeanDebug -Resolving type for handle ctcell842btype
17:22:14.017 TRACE common.XBeanDebug -Resolving type for handle stcellrefe4e0type
17:22:14.023 TRACE common.XBeanDebug -Resolving type for handle ctcols627ctype
17:22:14.034 TRACE common.XBeanDebug -Resolving type for handle stxstringf179type
17:22:14.036 TRACE common.XBeanDebug -Resolving type for handle stcelltypebf95type
17:24:07.403 DEBUG opc.PackageRelationshipCollection -Parsing relationship: /xl/_rels/workbook.xml.rels
17:24:07.407 DEBUG opc.PackageRelationshipCollection -Parsing relationship: /_rels/.rels
17:24:07.518 TRACE common.XBeanDebug -Loading type system org.apache.poi.schemas.ooxml.system.ooxml
17:24:07.520 TRACE common.XBeanDebug -Loading type system org.apache.xmlbeans.metadata.system.sXMLCONFIG
17:24:07.521 TRACE common.XBeanDebug -Loading type system org.apache.xmlbeans.metadata.system.sXMLLANG
17:24:07.521 TRACE common.XBeanDebug -Loading type system org.apache.xmlbeans.metadata.system.sXMLSCHEMA
17:24:07.522 TRACE common.XBeanDebug -Loading type system org.apache.xmlbeans.metadata.system.sXMLTOOLS
17:24:07.523 TRACE common.XBeanDebug -Reading unresolved handles for type system org.apache.xmlbeans.metadata.system.sXMLTOOLS
17:24:07.532 TRACE common.XBeanDebug -Finished loading type system org.apache.xmlbeans.metadata.system.sXMLTOOLS
17:24:07.532 TRACE common.XBeanDebug -Reading unresolved handles for type system org.apache.xmlbeans.metadata.system.sXMLSCHEMA
17:24:07.536 TRACE common.XBeanDebug -Finished loading type system org.apache.xmlbeans.metadata.system.sXMLSCHEMA
17:24:07.537 TRACE common.XBeanDebug -Reading unresolved handles for type system org.apache.xmlbeans.metadata.system.sXMLLANG
17:24:07.538 TRACE common.XBeanDebug -Finished loading type system org.apache.xmlbeans.metadata.system.sXMLLANG
17:24:07.538 TRACE common.XBeanDebug -Reading unresolved handles for type system org.apache.xmlbeans.metadata.system.sXMLCONFIG
17:24:07.539 TRACE common.XBeanDebug -Finished loading type system org.apache.xmlbeans.metadata.system.sXMLCONFIG
17:24:07.540 TRACE common.XBeanDebug -Reading unresolved handles for type system org.apache.poi.schemas.ooxml.system.ooxml
17:24:07.588 TRACE common.XBeanDebug -Finished loading type system org.apache.poi.schemas.ooxml.system.ooxml
17:24:07.588 TRACE common.XBeanDebug -Resolving type for handle themefd26doctype
17:24:07.626 TRACE common.XBeanDebug -Resolving type for handle stylesheet5d8bdoctype
17:24:07.630 TRACE common.XBeanDebug -Resolving type for handle ctstylesheet4257type
17:24:07.633 TRACE common.XBeanDebug -Resolving type for handle ctfonts6623type
17:24:07.636 TRACE common.XBeanDebug -Resolving type for handle ctfont14d8type
17:24:07.639 TRACE common.XBeanDebug -Resolving type for handle ctfills2c6ftype
17:24:07.641 TRACE common.XBeanDebug -Resolving type for handle ctfill550ctype
17:24:07.642 TRACE common.XBeanDebug -Resolving type for handle ctborders0d66type
17:24:07.643 TRACE common.XBeanDebug -Resolving type for handle ctborderf935type
17:24:07.645 TRACE common.XBeanDebug -Resolving type for handle ctcellxfs1322type
17:24:07.647 TRACE common.XBeanDebug -Resolving type for handle ctxf97f7type
17:24:07.649 TRACE common.XBeanDebug -Resolving type for handle ctcellstylexfsa81ftype
17:24:07.650 TRACE common.XBeanDebug -Resolving type for handle ctdxfsb26atype
17:24:07.651 TRACE common.XBeanDebug -Resolving type for handle cttablestyles872ftype
17:24:07.653 TRACE common.XBeanDebug -Resolving type for handle sstf81fdoctype
17:24:07.656 TRACE common.XBeanDebug -Resolving type for handle ctsst44f3type
17:24:07.661 TRACE common.XBeanDebug -Resolving type for handle ctrsta472type
17:24:07.674 TRACE common.XBeanDebug -Resolving type for handle workbookec17doctype
17:24:07.678 TRACE common.XBeanDebug -Resolving type for handle ctworkbook83c3type
17:24:07.683 TRACE common.XBeanDebug -Resolving type for handle ctsheets49fdtype
17:24:07.685 TRACE common.XBeanDebug -Resolving type for handle ctsheet4dbetype
17:24:07.687 TRACE common.XBeanDebug -Resolving type for handle strelationshipid1e94type
17:24:07.689 TRACE common.XBeanDebug -Resolving type for handle worksheetf539doctype
17:24:07.692 TRACE common.XBeanDebug -Resolving type for handle ctworksheet530dtype
17:24:07.697 TRACE common.XBeanDebug -Resolving type for handle ctsheetdata8408type
17:24:07.699 TRACE common.XBeanDebug -Resolving type for handle ctrowdd39type
17:24:07.703 TRACE common.XBeanDebug -Resolving type for handle ctcell842btype
17:24:07.708 TRACE common.XBeanDebug -Resolving type for handle stcellrefe4e0type
17:24:07.714 TRACE common.XBeanDebug -Resolving type for handle ctcols627ctype
17:24:07.717 TRACE common.XBeanDebug -Resolving type for handle ctcola95ftype
17:24:07.741 TRACE common.XBeanDebug -Resolving type for handle stxstringf179type
17:24:07.751 TRACE common.XBeanDebug -Resolving type for handle stcelltypebf95type
